#
# There is insufficient memory for the Java Runtime Environment to continue.
# Native memory allocation (mmap) failed to map 266338304 bytes for G1 virtual space
# Possible reasons:
#   The system is out of physical RAM or swap space
#   The process is running with CompressedOops enabled, and the Java Heap may be blocking the growth of the native heap
# Possible solutions:
#   Reduce memory load on the system
#   Increase physical memory or swap space
#   Check if swap backing store is full
#   Decrease Java heap size (-Xmx/-Xms)
#   Decrease number of Java threads
#   Decrease Java thread stack sizes (-Xss)
#   Set larger code cache with -XX:ReservedCodeCacheSize=
#   JVM is running with Zero Based Compressed Oops mode in which the Java heap is
#     placed in the first 32GB address space. The Java Heap base address is the
#     maximum limit for the native heap growth. Please use -XX:HeapBaseMinAddress
#     to set the Java Heap base and to place the Java Heap above 32GB virtual address.
# This output file may be truncated or incomplete.
#
#  Out of Memory Error (os_windows.cpp:3825), pid=75780, tid=78552
#
# JRE version:  (17.0.8.1+7) (build )
# Java VM: OpenJDK 64-Bit Server VM (17.0.8.1+7-b1059.3, mixed mode, sharing, tiered, compressed oops, compressed class ptrs, g1 gc, windows-amd64)
# No core dump will be written. Minidumps are not enabled by default on client versions of Windows
#

---------------  S U M M A R Y ------------

Command Line: -javaagent:C:\Program Files\JetBrains\IntelliJ IDEA 2023.2.2\lib\idea_rt.jar=63198:C:\Program Files\JetBrains\IntelliJ IDEA 2023.2.2\bin -Dfile.encoding=UTF-8 test.mainConcours

Host: 11th Gen Intel(R) Core(TM) i7-11370H @ 3.30GHz, 8 cores, 15G,  Windows 10 , 64 bit Build 19041 (10.0.19041.3636)
Time: Sun Mar  3 10:52:36 2024 Afr. centrale Ouest elapsed time: 0.016917 seconds (0d 0h 0m 0s)

---------------  T H R E A D  ---------------

Current thread (0x000001907eb90230):  JavaThread "Unknown thread" [_thread_in_vm, id=78552, stack(0x0000006700700000,0x0000006700800000)]

Stack: [0x0000006700700000,0x0000006700800000]
Native frames: (J=compiled Java code, j=interpreted, Vv=VM code, C=native code)
V  [jvm.dll+0x6852da]  os::platform_print_native_stack+0xca  (os_windows_x86.cpp:235)
V  [jvm.dll+0x844ad4]  VMError::report+0xc34  (vmError.cpp:741)
V  [jvm.dll+0x8463ee]  VMError::report_and_die+0x78e  (vmError.cpp:1582)
V  [jvm.dll+0x846a53]  VMError::report_and_die+0x43  (vmError.cpp:1368)
V  [jvm.dll+0x24b7cf]  report_vm_out_of_memory+0x8f  (debug.cpp:321)
V  [jvm.dll+0x682099]  os::pd_commit_memory_or_exit+0xc9  (os_windows.cpp:3833)
V  [jvm.dll+0x67677a]  os::commit_memory_or_exit+0x2a  (os.cpp:1750)
V  [jvm.dll+0x30be2b]  G1PageBasedVirtualSpace::commit+0x19b  (g1PageBasedVirtualSpace.cpp:204)
V  [jvm.dll+0x3132d6]  G1RegionsLargerThanCommitSizeMapper::commit_regions+0x96  (g1RegionToSpaceMapper.cpp:100)
V  [jvm.dll+0x36302e]  HeapRegionManager::expand_any+0xee  (heapRegionManager.cpp:363)
V  [jvm.dll+0x36325f]  HeapRegionManager::expand_by+0x7f  (heapRegionManager.cpp:380)
V  [jvm.dll+0x2e1f48]  G1CollectedHeap::expand+0xb8  (g1CollectedHeap.cpp:1298)
V  [jvm.dll+0x2e2eb4]  G1CollectedHeap::initialize+0x664  (g1CollectedHeap.cpp:1719)
V  [jvm.dll+0x815a61]  universe_init+0xb1  (universe.cpp:736)
V  [jvm.dll+0x370df1]  init_globals+0x31  (init.cpp:124)
V  [jvm.dll+0x7f4e2c]  Threads::create_vm+0x60c  (thread.cpp:2901)
V  [jvm.dll+0x3f3f1f]  JNI_CreateJavaVM_inner+0x8f  (jni.cpp:3635)
V  [jvm.dll+0x3f5b31]  JNI_CreateJavaVM+0x11  (jni.cpp:3727)
C  [jli.dll+0x528f]  JavaMain+0x113  (java.c:413)
C  [ucrtbase.dll+0x21bb2]
C  [KERNEL32.DLL+0x17344]
C  [ntdll.dll+0x526b1]


---------------  P R O C E S S  ---------------

Threads class SMR info:
_java_thread_list=0x00007ffbc62100d8, length=0, elements={
}

Java Threads: ( => current thread )

Other Threads:
  0x000001907ebfaa20 GCTaskThread "GC Thread#0" [stack: 0x0000006700800000,0x0000006700900000] [id=78568]
  0x000001907ec0b580 ConcurrentGCThread "G1 Main Marker" [stack: 0x0000006700900000,0x0000006700a00000] [id=78580]
  0x000001907ec0bf90 ConcurrentGCThread "G1 Conc#0" [stack: 0x0000006700a00000,0x0000006700b00000] [id=78608]

[error occurred during error reporting (printing all threads), id 0xc0000005, EXCEPTION_ACCESS_VIOLATION (0xc0000005) at pc=0x00007ffbc59c2ab7]

VM state: not at safepoint (not fully initialized)

VM Mutex/Monitor currently owned by a thread:  ([mutex/lock_event])
[0x000001907eb8c6f0] Heap_lock - owner thread: 0x000001907eb90230

Heap address: 0x0000000703e00000, size: 4034 MB, Compressed Oops mode: Zero based, Oop shift amount: 3

CDS archive(s) mapped at: [0x0000000000000000-0x0000000000000000-0x0000000000000000), size 0, SharedBaseAddress: 0x0000000800000000, ArchiveRelocationMode: 1.
Narrow klass base: 0x0000000000000000, Narrow klass shift: 0, Narrow klass range: 0x0

GC Precious Log:
<Empty>

Heap:
 garbage-first heap   total 0K, used 0K [0x0000000703e00000, 0x0000000800000000)
  region size 2048K, 0 young (0K), 0 survivors (0K)
 Metaspace       used 0K, committed 0K, reserved 0K
  class space    used 0K, committed 0K, reserved 0K

Heap Regions: E=young(eden), S=young(survivor), O=old, HS=humongous(starts), HC=humongous(continues), CS=collection set, F=free, OA=open archive, CA=closed archive, TAMS=top-at-mark-start (previous, next)

Card table byte_map: [0x0000019014310000,0x0000019014b00000] _byte_map_base: 0x0000019010af1000

Marking Bits (Prev, Next): (CMBitMap*) 0x000001907ebfb040, (CMBitMap*) 0x000001907ebfb080
 Prev Bits: [0x00000190152f0000, 0x00000190191f8000)
 Next Bits: [0x0000019019200000, 0x000001901d108000)

GC Heap History (0 events):
No events

Dll operation events (1 events):
Event: 0.010 Loaded shared library C:\Users\marie\.jdks\jbr-17.0.8.1\bin\java.dll

Deoptimization events (0 events):
No events

Classes unloaded (0 events):
No events

Classes redefined (0 events):
No events

Internal exceptions (0 events):
No events

VM Operations (0 events):
No events

Events (0 events):
No events


Dynamic libraries:
0x00007ff771620000 - 0x00007ff77162a000 	C:\Users\marie\.jdks\jbr-17.0.8.1\bin\java.exe
0x00007ffc4fd50000 - 0x00007ffc4ff48000 	C:\windows\SYSTEM32\ntdll.dll
0x00007ffc4fc50000 - 0x00007ffc4fd0d000 	C:\windows\System32\KERNEL32.DLL
0x00007ffc4da90000 - 0x00007ffc4dd86000 	C:\windows\System32\KERNELBASE.dll
0x00007ffc4d550000 - 0x00007ffc4d650000 	C:\windows\System32\ucrtbase.dll
0x00007ffc47590000 - 0x00007ffc475a7000 	C:\Users\marie\.jdks\jbr-17.0.8.1\bin\jli.dll
0x00007ffc2c5a0000 - 0x00007ffc2c5bb000 	C:\Users\marie\.jdks\jbr-17.0.8.1\bin\VCRUNTIME140.dll
0x00007ffc4f7b0000 - 0x00007ffc4f94e000 	C:\windows\System32\USER32.dll
0x00007ffc4d410000 - 0x00007ffc4d432000 	C:\windows\System32\win32u.dll
0x00007ffc4c7e0000 - 0x00007ffc4ca7a000 	C:\windows\WinSxS\amd64_microsoft.windows.common-controls_6595b64144ccf1df_6.0.19041.3636_none_60b6a03d71f818d5\COMCTL32.dll
0x00007ffc4f950000 - 0x00007ffc4f97b000 	C:\windows\System32\GDI32.dll
0x00007ffc4fb90000 - 0x00007ffc4fc2e000 	C:\windows\System32\msvcrt.dll
0x00007ffc4d760000 - 0x00007ffc4d877000 	C:\windows\System32\gdi32full.dll
0x00007ffc4d6c0000 - 0x00007ffc4d75d000 	C:\windows\System32\msvcp_win.dll
0x00007ffc4e800000 - 0x00007ffc4e832000 	C:\windows\System32\IMM32.DLL
0x00007ffc2cbe0000 - 0x00007ffc2cbec000 	C:\Users\marie\.jdks\jbr-17.0.8.1\bin\vcruntime140_1.dll
0x00007ffc1ec40000 - 0x00007ffc1eccd000 	C:\Users\marie\.jdks\jbr-17.0.8.1\bin\msvcp140.dll
0x00007ffbc56d0000 - 0x00007ffbc6353000 	C:\Users\marie\.jdks\jbr-17.0.8.1\bin\server\jvm.dll
0x00007ffc4ee90000 - 0x00007ffc4ef43000 	C:\windows\System32\ADVAPI32.dll
0x00007ffc4e190000 - 0x00007ffc4e22f000 	C:\windows\System32\sechost.dll
0x00007ffc4ded0000 - 0x00007ffc4dff6000 	C:\windows\System32\RPCRT4.dll
0x00007ffc4d520000 - 0x00007ffc4d547000 	C:\windows\System32\bcrypt.dll
0x00007ffc4d010000 - 0x00007ffc4d05b000 	C:\windows\SYSTEM32\POWRPROF.dll
0x00007ffc36c00000 - 0x00007ffc36c27000 	C:\windows\SYSTEM32\WINMM.dll
0x00007ffc2ab80000 - 0x00007ffc2ab89000 	C:\windows\SYSTEM32\WSOCK32.dll
0x00007ffc4ee20000 - 0x00007ffc4ee8b000 	C:\windows\System32\WS2_32.dll
0x00007ffc4b190000 - 0x00007ffc4b19a000 	C:\windows\SYSTEM32\VERSION.dll
0x00007ffc4cb70000 - 0x00007ffc4cb82000 	C:\windows\SYSTEM32\UMPDC.dll
0x00007ffc4a680000 - 0x00007ffc4a692000 	C:\windows\SYSTEM32\kernel.appcore.dll
0x00007ffc2cb00000 - 0x00007ffc2cb0a000 	C:\Users\marie\.jdks\jbr-17.0.8.1\bin\jimage.dll
0x00007ffc4ce20000 - 0x00007ffc4d004000 	C:\windows\SYSTEM32\DBGHELP.DLL
0x00007ffc4cd60000 - 0x00007ffc4cd94000 	C:\windows\SYSTEM32\dbgcore.DLL
0x00007ffc4d490000 - 0x00007ffc4d512000 	C:\windows\System32\bcryptPrimitives.dll
0x00007ffc2f710000 - 0x00007ffc2f71e000 	C:\Users\marie\.jdks\jbr-17.0.8.1\bin\instrument.dll
0x00007ffc1fd10000 - 0x00007ffc1fd35000 	C:\Users\marie\.jdks\jbr-17.0.8.1\bin\java.dll

dbghelp: loaded successfully - version: 4.0.5 - missing functions: none
symbol engine: initialized successfully - sym options: 0x614 - pdb path: .;C:\Users\marie\.jdks\jbr-17.0.8.1\bin;C:\windows\SYSTEM32;C:\windows\WinSxS\amd64_microsoft.windows.common-controls_6595b64144ccf1df_6.0.19041.3636_none_60b6a03d71f818d5;C:\Users\marie\.jdks\jbr-17.0.8.1\bin\server

VM Arguments:
jvm_args: -javaagent:C:\Program Files\JetBrains\IntelliJ IDEA 2023.2.2\lib\idea_rt.jar=63198:C:\Program Files\JetBrains\IntelliJ IDEA 2023.2.2\bin -Dfile.encoding=UTF-8 
java_command: test.mainConcours
java_class_path (initial): C:\Users\marie\OneDrive\Desktop\Art_Vue\target\classes;C:\Users\marie\.m2\repository\com\mysql\mysql-connector-j\8.0.33\mysql-connector-j-8.0.33.jar;C:\Users\marie\.m2\repository\com\google\protobuf\protobuf-java\3.21.9\protobuf-java-3.21.9.jar;C:\Users\marie\.m2\repository\org\mindrot\jbcrypt\0.4\jbcrypt-0.4.jar;C:\Users\marie\.m2\repository\org\openjfx\javafx-fxml\20.0.2\javafx-fxml-20.0.2.jar;C:\Users\marie\.m2\repository\org\openjfx\javafx-fxml\20.0.2\javafx-fxml-20.0.2-win.jar;C:\Users\marie\.m2\repository\org\openjfx\javafx-controls\20.0.2\javafx-controls-20.0.2.jar;C:\Users\marie\.m2\repository\org\openjfx\javafx-controls\20.0.2\javafx-controls-20.0.2-win.jar;C:\Users\marie\.m2\repository\org\openjfx\javafx-graphics\20.0.2\javafx-graphics-20.0.2.jar;C:\Users\marie\.m2\repository\org\openjfx\javafx-graphics\20.0.2\javafx-graphics-20.0.2-win.jar;C:\Users\marie\.m2\repository\org\openjfx\javafx-base\20.0.2\javafx-base-20.0.2.jar;C:\Users\marie\.m2\repository\org\openjfx\javafx-base\20.0.2\javafx-base-20.0.2-win.jar;C:\Users\marie\.m2\repository\org\controlsfx\controlsfx\11.1.0\controlsfx-11.1.0.jar;C:\Users\marie\.m2\repository\org\apache\xbean\xbean-reflect\3.7\xbean-reflect-3.7.jar;C:\Users\marie\.m2\repository\javax\mail\mail\1.4\mail-1.4.jar;C:\Users\marie\.m2\repository\javax\activation\activation\1.1\activation-1.1.jar
Launcher Type: SUN_STANDARD

[Global flags]
     intx CICompilerCount                          = 4                                         {product} {ergonomic}
     uint ConcGCThreads                            = 2                                         {product} {ergonomic}
     uint G1ConcRefinementThreads                  = 8                                         {product} {ergonomic}
   size_t G1HeapRegionSize                         = 2097152                                   {product} {ergonomic}
    uintx GCDrainStackTargetSize                   = 64                                        {product} {ergonomic}
   size_t InitialHeapSize                          = 266338304                                 {product} {ergonomic}
   size_t MarkStackSize                            = 4194304                                   {product} {ergonomic}
   size_t MaxHeapSize                              = 4229955584                                {product} {ergonomic}
   size_t MinHeapDeltaBytes                        = 2097152                                   {product} {ergonomic}
   size_t MinHeapSize                              = 8388608                                   {product} {ergonomic}
    uintx NonNMethodCodeHeapSize                   = 5839372                                {pd product} {ergonomic}
    uintx NonProfiledCodeHeapSize                  = 122909434                              {pd product} {ergonomic}
    uintx ProfiledCodeHeapSize                     = 122909434                              {pd product} {ergonomic}
    uintx ReservedCodeCacheSize                    = 251658240                              {pd product} {ergonomic}
     bool SegmentedCodeCache                       = true                                      {product} {ergonomic}
   size_t SoftMaxHeapSize                          = 4229955584                             {manageable} {ergonomic}
     bool UseCompressedClassPointers               = true                           {product lp64_product} {ergonomic}
     bool UseCompressedOops                        = true                           {product lp64_product} {ergonomic}
     bool UseG1GC                                  = true                                      {product} {ergonomic}
     bool UseLargePagesIndividualAllocation        = false                                  {pd product} {ergonomic}

Logging:
Log output configuration:
 #0: stdout all=warning uptime,level,tags
 #1: stderr all=off uptime,level,tags

Environment Variables:
PATH=C:\oraclexe\app\oracle\product\11.2.0\server\bin;;C:\oraclexe\app\oracle\product\11.2.0\server\bin;C:\Program Files (x86)\Common Files\Intel\Shared Libraries\redist\intel64\compiler;C:\windows\system32;C:\windows;C:\windows\System32\Wbem;C:\windows\System32\WindowsPowerShell\v1.0\;C:\windows\System32\OpenSSH\;C:\Program Files (x86)\NVIDIA Corporation\PhysX\Common;C:\Program Files\NVIDIA Corporation\NVIDIA NvDLISR;C:\instantclient12_2;c:\oraclexe\app\admin\XE;c:\oraclexe;C:\Program Files\TortoiseGit\bin;C:\Program Files (x86)\Microchip\MPLAB C32 Suite\bin;C:\Program Files (x86)\Microchip\MPLAB IDE\VDI;C:\Users\marie\.jdks\jbr-17.0.8.1\bin;C:\xampp\php;C:\ProgramData\ComposerSetup\bin;C:\Users\marie\scoop\shims;C:\Users\marie\AppData\Local\Microsoft\WindowsApps;;C:\Users\marie\AppData\Local\Programs\Microsoft VS Code\bin;C:\Program Files\JetBrains\IntelliJ IDEA 2023.2.2\bin;;C:\Users\marie\AppData\Roaming\Composer\vendor\bin
USERNAME=marie
OS=Windows_NT
PROCESSOR_IDENTIFIER=Intel64 Family 6 Model 140 Stepping 1, GenuineIntel
TMP=C:\Users\marie\AppData\Local\Temp
TEMP=C:\Users\marie\AppData\Local\Temp


JNI global refs:
JNI global refs: 0, weak refs: 0

JNI global refs memory usage: 0, weak refs: 0

OOME stack traces (most recent first):
Classloader memory used:


---------------  S Y S T E M  ---------------

OS:
 Windows 10 , 64 bit Build 19041 (10.0.19041.3636)
OS uptime: 4 days 15:51 hours

CPU: total 8 (initial active 8) (4 cores per cpu, 2 threads per core) family 6 model 140 stepping 1 microcode 0xa4, cx8, cmov, fxsr, ht, mmx, 3dnowpref, sse, sse2, sse3, ssse3, sse4.1, sse4.2, popcnt, lzcnt, tsc, tscinvbit, avx, avx2, aes, erms, clmul, bmi1, bmi2, adx, avx512f, avx512dq, avx512cd, avx512bw, avx512vl, sha, fma, vzeroupper, avx512_vpopcntdq, avx512_vpclmulqdq, avx512_vaes, avx512_vnni, clflush, clflushopt, clwb, avx512_vbmi2, avx512_vbmi
Processor Information for all 8 processors :
  Max Mhz: 3302, Current Mhz: 3302, Mhz Limit: 3302

Memory: 4k page, system-wide physical 16129M (2112M free)
TotalPageFile size 31419M (AvailPageFile size 136M)
current process WorkingSet (physical memory assigned to process): 37M, peak: 37M
current process commit charge ("private bytes"): 87M, peak: 314M

vm_info: OpenJDK 64-Bit Server VM (17.0.8.1+7-b1059.3) for windows-amd64 JRE (17.0.8.1+7-b1059.3), built on 2023-09-11 by "builduser" with MS VC++ 16.10 / 16.11 (VS2019)

END.
